app/build/outputs/apk/manifest-merger-debug-report.txt
-- Merging decision tree log ---
manifest
ADDED from AndroidManifest.xml:2:1
	xmlns:android
		ADDED from AndroidManifest.xml:2:11
	package
		ADDED from AndroidManifest.xml:3:5
		INJECTED from AndroidManifest.xml:0:0
		INJECTED from AndroidManifest.xml:0:0
	android:versionName
		ADDED from AndroidManifest.xml:6:5
	android:versionCode
		ADDED from AndroidManifest.xml:5:5
		INJECTED from AndroidManifest.xml:0:0
		INJECTED from AndroidManifest.xml:0:0
	android:installLocation
		ADDED from AndroidManifest.xml:4:5
uses-sdk
ADDED from AndroidManifest.xml:8:5
MERGED from com.android.support:multidex:1.0.0:18:5
MERGED from com.android.support:support-v4:21.0.3:15:5
MERGED from com.google.android.gms:play-services:3.1.59:7:5
MERGED from com.android.support:support-v4:21.0.3:15:5
MERGED from com.specyci:residemenu:1.6:7:5
MERGED from com.edmodo:cropper:1.0.1:7:5
MERGED from com.aniways:library:2.3.05:7:5
MERGED from com.android.support:appcompat-v7:21.0.2:15:5
MERGED from com.android.support:support-v4:21.0.3:15:5
MERGED from com.android.support:support-v4:21.0.3:15:5
MERGED from com.android.support:gridlayout-v7:21.0.3:15:5
MERGED from com.android.support:support-v4:21.0.3:15:5
MERGED from com.android.support:cardview-v7:21.0.3:15:5
	android:targetSdkVersion
		ADDED from AndroidManifest.xml:10:9
		INJECTED from AndroidManifest.xml:0:0
		INJECTED from AndroidManifest.xml:0:0
	android:minSdkVersion
		ADDED from AndroidManifest.xml:9:9
		INJECTED from AndroidManifest.xml:0:0
		INJECTED from AndroidManifest.xml:0:0
permission#com.nxtty.main.permission.C2D_MESSAGE
ADDED from AndroidManifest.xml:13:5
	android:protectionLevel
		ADDED from AndroidManifest.xml:15:9
	android:name
		ADDED from AndroidManifest.xml:14:9
uses-permission#com.nxtty.main.permission.C2D_MESSAGE
ADDED from AndroidManifest.xml:17:5
	android:name
		ADDED from AndroidManifest.xml:17:22
uses-feature#android.hardware.camera
ADDED from AndroidManifest.xml:19:5
	android:required
		ADDED from AndroidManifest.xml:21:9
	android:name
		ADDED from AndroidManifest.xml:20:9
uses-feature#android.hardware.camera.autofocus
ADDED from AndroidManifest.xml:22:5
	android:required
		ADDED from AndroidManifest.xml:24:9
	android:name
		ADDED from AndroidManifest.xml:23:9
uses-permission#com.google.android.c2dm.permission.RECEIVE
ADDED from AndroidManifest.xml:27:5
	android:name
		ADDED from AndroidManifest.xml:27:22
uses-permission#android.permission.GET_ACCOUNTS
ADDED from AndroidManifest.xml:29:5
	android:name
		ADDED from AndroidManifest.xml:29:22
uses-permission#android.permission.CAMERA
ADDED from AndroidManifest.xml:30:5
	android:name
		ADDED from AndroidManifest.xml:30:22
uses-permission#android.permission.WAKE_LOCK
ADDED from AndroidManifest.xml:33:5
MERGED from com.aniways:library:2.3.05:16:5
	android:name
		ADDED from AndroidManifest.xml:33:22
uses-permission#android.permission.INTERNET
ADDED from AndroidManifest.xml:34:5
MERGED from com.aniways:library:2.3.05:11:5
	android:name
		ADDED from AndroidManifest.xml:34:22
uses-permission#android.permission.ACCESS_NETWORK_STATE
ADDED from AndroidManifest.xml:35:5
MERGED from com.aniways:library:2.3.05:12:5
	android:name
		ADDED from AndroidManifest.xml:35:22
uses-permission#android.permission.ACCESS_WIFI_STATE
ADDED from AndroidManifest.xml:36:6
	android:name
		ADDED from AndroidManifest.xml:36:23
uses-permission#android.permission.CHANGE_WIFI_MULTICAST_STATE
ADDED from AndroidManifest.xml:37:5
	android:name
		ADDED from AndroidManifest.xml:37:22
uses-permission#android.permission.MODIFY_AUDIO_SETTINGS
ADDED from AndroidManifest.xml:38:6
	android:name
		ADDED from AndroidManifest.xml:38:23
uses-permission#android.permission.RECORD_AUDIO
ADDED from AndroidManifest.xml:41:5
	android:name
		ADDED from AndroidManifest.xml:41:22
uses-permission#android.permission.READ_PHONE_STATE
ADDED from AndroidManifest.xml:43:5
MERGED from com.aniways:library:2.3.05:19:5
	android:name
		ADDED from AndroidManifest.xml:43:22
uses-permission#com.android.vending.BILLING
ADDED from AndroidManifest.xml:44:5
MERGED from com.aniways:library:2.3.05:18:5
	android:name
		ADDED from AndroidManifest.xml:44:22
uses-permission#android.permission.WRITE_EXTERNAL_STORAGE
ADDED from AndroidManifest.xml:45:5
MERGED from com.aniways:library:2.3.05:14:5
	android:name
		ADDED from AndroidManifest.xml:45:22
uses-permission#android.permission.READ_EXTERNAL_STORAGE
ADDED from AndroidManifest.xml:46:5
MERGED from com.aniways:library:2.3.05:15:5
	android:name
		ADDED from AndroidManifest.xml:46:22
uses-permission#android.permission.MOUNT_FORMAT_FILESYSTEMS
ADDED from AndroidManifest.xml:47:5
	android:name
		ADDED from AndroidManifest.xml:47:22
uses-permission#android.permission.ACCESS_COARSE_LOCATION
ADDED from AndroidManifest.xml:51:10
MERGED from com.aniways:library:2.3.05:21:5
	android:name
		ADDED from AndroidManifest.xml:51:27
uses-permission#android.permission.ACCESS_FINE_LOCATION
ADDED from AndroidManifest.xml:52:5
MERGED from com.aniways:library:2.3.05:20:5
	android:name
		ADDED from AndroidManifest.xml:52:22
application
ADDED from AndroidManifest.xml:55:5
MERGED from com.android.support:support-v4:21.0.3:16:5
MERGED from com.android.support:support-v4:21.0.3:16:5
MERGED from com.aniways:library:2.3.05:23:5
MERGED from com.android.support:appcompat-v7:21.0.2:16:5
MERGED from com.android.support:support-v4:21.0.3:16:5
MERGED from com.android.support:support-v4:21.0.3:16:5
MERGED from com.android.support:gridlayout-v7:21.0.3:16:5
MERGED from com.android.support:support-v4:21.0.3:16:5
MERGED from com.android.support:cardview-v7:21.0.3:16:5
	android:noHistory
		ADDED from AndroidManifest.xml:61:9
	android:label
		ADDED from AndroidManifest.xml:59:9
	android:allowBackup
		ADDED from AndroidManifest.xml:57:9
	android:icon
		ADDED from AndroidManifest.xml:58:9
	android:theme
		ADDED from AndroidManifest.xml:62:9
	android:largeHeap
		ADDED from AndroidManifest.xml:60:9
	android:name
		ADDED from AndroidManifest.xml:56:9
activity#com.nxtty.main.SplashScreen
ADDED from AndroidManifest.xml:68:9
	android:windowSoftInputMode
		ADDED from AndroidManifest.xml:72:13
	android:label
		ADDED from AndroidManifest.xml:71:13
	android:configChanges
		ADDED from AndroidManifest.xml:70:13
	android:name
		ADDED from AndroidManifest.xml:69:13
intent-filter#android.intent.action.MAIN+android.intent.category.LAUNCHER
ADDED from AndroidManifest.xml:73:13
action#android.intent.action.MAIN
ADDED from AndroidManifest.xml:74:17
	android:name
		ADDED from AndroidManifest.xml:74:25
category#android.intent.category.LAUNCHER
ADDED from AndroidManifest.xml:76:17
	android:name
		ADDED from AndroidManifest.xml:76:27
activity#com.nxtty.main.Verify
ADDED from AndroidManifest.xml:79:9
	android:windowSoftInputMode
		ADDED from AndroidManifest.xml:82:13
	android:configChanges
		ADDED from AndroidManifest.xml:81:13
	android:name
		ADDED from AndroidManifest.xml:80:13
activity#com.nxtty.main.Dashboard
ADDED from AndroidManifest.xml:84:9
	android:windowSoftInputMode
		ADDED from AndroidManifest.xml:89:13
	android:noHistory
		ADDED from AndroidManifest.xml:88:13
	android:configChanges
		ADDED from AndroidManifest.xml:86:13
	android:name
		ADDED from AndroidManifest.xml:85:13
activity#com.nxtty.main.MainActivity
ADDED from AndroidManifest.xml:93:9
	android:windowSoftInputMode
		ADDED from AndroidManifest.xml:96:13
	android:configChanges
		ADDED from AndroidManifest.xml:95:13
	android:name
		ADDED from AndroidManifest.xml:94:13
activity#com.nxtapp.fragment.FriendsReqActivity
ADDED from AndroidManifest.xml:98:9
	android:configChanges
		ADDED from AndroidManifest.xml:100:13
	android:name
		ADDED from AndroidManifest.xml:99:13
activity#com.nxtapp.fragment.InvitesActivity
ADDED from AndroidManifest.xml:101:9
	android:configChanges
		ADDED from AndroidManifest.xml:103:13
	android:name
		ADDED from AndroidManifest.xml:102:13
activity#com.nxtapp.fragment.BlockListActivity
ADDED from AndroidManifest.xml:104:9
	android:configChanges
		ADDED from AndroidManifest.xml:106:13
	android:name
		ADDED from AndroidManifest.xml:105:13
activity#com.nxtapp.fragment.Chat2Activity
ADDED from AndroidManifest.xml:108:9
	android:configChanges
		ADDED from AndroidManifest.xml:110:13
	android:theme
		ADDED from AndroidManifest.xml:111:13
	android:name
		ADDED from AndroidManifest.xml:109:13
activity#com.nxtty.main.GroupDetailCreatePost
ADDED from AndroidManifest.xml:112:9
	android:windowSoftInputMode
		ADDED from AndroidManifest.xml:116:13
	android:configChanges
		ADDED from AndroidManifest.xml:114:13
	android:theme
		ADDED from AndroidManifest.xml:115:13
	android:name
		ADDED from AndroidManifest.xml:113:13
activity#com.nxtty.main.GroupDetailAddComment
ADDED from AndroidManifest.xml:117:9
	android:windowSoftInputMode
		ADDED from AndroidManifest.xml:121:13
	android:configChanges
		ADDED from AndroidManifest.xml:119:13
	android:theme
		ADDED from AndroidManifest.xml:120:13
	android:name
		ADDED from AndroidManifest.xml:118:13
activity#com.nxtapp.fragment.TempActivity
ADDED from AndroidManifest.xml:122:9
	android:windowSoftInputMode
		ADDED from AndroidManifest.xml:125:13
	android:configChanges
		ADDED from AndroidManifest.xml:124:13
	android:name
		ADDED from AndroidManifest.xml:123:13
activity#eu.janmuller.android.simplecropimage.CropImage
ADDED from AndroidManifest.xml:126:9
	android:configChanges
		ADDED from AndroidManifest.xml:128:13
	android:name
		ADDED from AndroidManifest.xml:127:13
activity#com.nxtapp.fragment.GroupDetailActivity
ADDED from AndroidManifest.xml:129:9
	android:configChanges
		ADDED from AndroidManifest.xml:131:13
	android:name
		ADDED from AndroidManifest.xml:130:13
activity#com.nxtapp.fragment.GroupSettingsActivity
ADDED from AndroidManifest.xml:132:9
	android:configChanges
		ADDED from AndroidManifest.xml:134:13
	android:name
		ADDED from AndroidManifest.xml:133:13
activity#com.nxtapp.fragment.CommentActivity
ADDED from AndroidManifest.xml:135:9
	android:configChanges
		ADDED from AndroidManifest.xml:137:13
	android:name
		ADDED from AndroidManifest.xml:136:13
activity#com.nxtapp.fragment.AddGroup
ADDED from AndroidManifest.xml:138:9
	android:configChanges
		ADDED from AndroidManifest.xml:140:13
	android:name
		ADDED from AndroidManifest.xml:139:13
activity#com.nxtty.main.CallScreenActivity
ADDED from AndroidManifest.xml:141:9
	android:screenOrientation
		ADDED from AndroidManifest.xml:144:13
	android:name
		ADDED from AndroidManifest.xml:142:13
	android:launchMode
		ADDED from AndroidManifest.xml:143:13
activity#com.nxtapp.fragment.LeaderBoardActivity
ADDED from AndroidManifest.xml:145:9
	android:configChanges
		ADDED from AndroidManifest.xml:147:13
	android:name
		ADDED from AndroidManifest.xml:146:13
activity#com.nxtty.main.IncomingCallScreenActivity
ADDED from AndroidManifest.xml:148:9
	android:screenOrientation
		ADDED from AndroidManifest.xml:151:13
	android:noHistory
		ADDED from AndroidManifest.xml:150:13
	android:name
		ADDED from AndroidManifest.xml:149:13
activity#com.aniways.billing.AniwaysCreditsStoreActivity
ADDED from AndroidManifest.xml:152:9
MERGED from com.aniways:library:2.3.05:24:9
	android:theme
		ADDED from AndroidManifest.xml:155:13
	android:name
		ADDED from AndroidManifest.xml:153:13
	android:launchMode
		ADDED from AndroidManifest.xml:154:13
activity#com.nxtapp.utils.CropperImageActivity
ADDED from AndroidManifest.xml:156:9
	android:noHistory
		ADDED from AndroidManifest.xml:158:13
	android:name
		ADDED from AndroidManifest.xml:157:13
activity#com.nxtapp.fragment.GroupSearchActivity
ADDED from AndroidManifest.xml:159:9
	android:configChanges
		ADDED from AndroidManifest.xml:161:13
	android:name
		ADDED from AndroidManifest.xml:160:13
service#com.nxtty.main.GCMIntentService
ADDED from AndroidManifest.xml:163:9
	android:name
		ADDED from AndroidManifest.xml:163:18
receiver#com.google.android.gcm.GCMBroadcastReceiver
ADDED from AndroidManifest.xml:165:9
	android:permission
		ADDED from AndroidManifest.xml:167:13
	android:name
		ADDED from AndroidManifest.xml:166:13
intent-filter#com.google.android.c2dm.intent.RECEIVE+com.google.android.c2dm.intent.REGISTRATION+com.nxtty.main
ADDED from AndroidManifest.xml:168:13
action#com.google.android.c2dm.intent.RECEIVE
ADDED from AndroidManifest.xml:171:17
	android:name
		ADDED from AndroidManifest.xml:171:25
action#com.google.android.c2dm.intent.REGISTRATION
ADDED from AndroidManifest.xml:173:17
	android:name
		ADDED from AndroidManifest.xml:173:25
category#com.nxtty.main
ADDED from AndroidManifest.xml:175:17
	android:name
		ADDED from AndroidManifest.xml:175:27
service#com.nxtty.main.GetNewDataService
ADDED from AndroidManifest.xml:179:9
	android:enabled
		ADDED from AndroidManifest.xml:181:13
	android:name
		ADDED from AndroidManifest.xml:180:13
activity#com.nxtty.main.ImageViewDisplay
ADDED from AndroidManifest.xml:184:9
	android:screenOrientation
		ADDED from AndroidManifest.xml:186:13
	android:theme
		ADDED from AndroidManifest.xml:187:13
	android:name
		ADDED from AndroidManifest.xml:185:13
uses-permission#android.permission.WRITE_INTERNAL_STORAGE
ADDED from com.aniways:library:2.3.05:13:5
	android:name
		ADDED from com.aniways:library:2.3.05:13:22
uses-permission#android.permission.RECEIVE_BOOT_COMPLETED
ADDED from com.aniways:library:2.3.05:17:5
	android:name
		ADDED from com.aniways:library:2.3.05:17:22
service#com.aniways.service.AniwaysIntentService
ADDED from com.aniways:library:2.3.05:29:9
	android:process
		ADDED from com.aniways:library:2.3.05:31:13
	android:name
		ADDED from com.aniways:library:2.3.05:30:13
service#com.aniways.analytics.service.AniwaysAnalyticsService
ADDED from com.aniways:library:2.3.05:32:9
	android:process
		ADDED from com.aniways:library:2.3.05:34:13
	android:name
		ADDED from com.aniways:library:2.3.05:33:13
receiver#com.aniways.service.AlarmReceiver
ADDED from com.aniways:library:2.3.05:36:9
	android:name
		ADDED from com.aniways:library:2.3.05:36:19
intent-filter#android.intent.action.BOOT_COMPLETED
ADDED from com.aniways:library:2.3.05:37:13
action#android.intent.action.BOOT_COMPLETED
ADDED from com.aniways:library:2.3.05:38:17
	android:name
		ADDED from com.aniways:library:2.3.05:38:25
activity#com.aniways.settings.AniwaysSettingsActivity
ADDED from com.aniways:library:2.3.05:42:9
	android:label
		ADDED from com.aniways:library:2.3.05:44:13
	android:name
		ADDED from com.aniways:library:2.3.05:43:13